<?xml version="1.0" encoding="UTF-8"?>
<!-- Generated by org.testng.reporters.JUnitReportReporter -->
<testsuite skipped="0" hostname="Chetuiwk1317" name="web.tables.DynamicTable" tests="1" failures="0" timestamp="02 Jun 2017 17:09:29 GMT" time="23.292" errors="0">
  <testcase name="tableTest" time="23.292" classname="web.tables.DynamicTable"/>
</testsuite> <!-- web.tables.DynamicTable -->
